# JRE version: Java(TM) SE Runtime Environment (26.0+35) (build 26+35-2893)
# Java VM: Java HotSpot(TM) 64-Bit Server VM (26+35-2893, mixed mode, sharing, tiered, compressed class ptrs, z gc, windows-amd64)
GC Precious Log:
 NUMA Support: Disabled
 CPUs: 4 total, 4 available
 Memory: 8098M
 Large Page Support: Disabled
 Address Space Size: unlimited
 Reserved Space: limit 4096G, desired 32G, requested 32G
 Reserved Space Type: Contiguous/Unrestricted/Complete
 Reserved Space Size: 32G
 Min Capacity: 100M
 Initial Capacity: 100M
 Max Capacity: 2048M
 Soft Max Capacity: 2048M
 Page Size Medium: Range [4M, 32M]
 Pre-touch: Disabled
 Uncommit: Enabled
 Uncommit Delay: 30s
 GC Workers for Old Generation: 1 (dynamic)
 GC Workers for Young Generation: 1 (dynamic)
 GC Workers Max: 1 (dynamic)
 Runtime Workers: 3
 Forced to lower max partition (0) capacity from 2048M(100%) to 644M(31%)
 Forced to lower max Java heap size from 2048M(100%) to 644M(31%)
Heap:
 ZHeap           used 424M, capacity 644M, max capacity 2048M
  Cache          220M (8)
   size classes  4M (4), 8M (1), 16M (1), 32M (1), 64M (1)
GC Heap Usage History (28 events):
Event: 5.004 {heap Before GC invocations=0 (full 0):
 ZHeap           used 66M, capacity 100M, max capacity 2048M
  Cache          34M (1)
   size classes  32M (1)
}
Event: 5.068 {heap After GC invocations=1 (full 1):
 ZHeap           used 50M, capacity 100M, max capacity 2048M
  Cache          50M (4)
   size classes  2M (1), 4M (1), 16M (2)
}
Event: 5.068 {heap Before GC invocations=1 (full 1):
 ZHeap           used 50M, capacity 100M, max capacity 2048M
  Cache          50M (4)
   size classes  2M (1), 4M (1), 16M (2)
}
Event: 5.078 {heap After GC invocations=1 (full 1):
 ZHeap           used 50M, capacity 100M, max capacity 2048M
  Cache          50M (4)
   size classes  2M (1), 4M (1), 16M (2)
}
Event: 10.083 {heap Before GC invocations=1 (full 1):
 ZHeap           used 114M, capacity 114M, max capacity 2048M
  Cache          0M (0)
}
Event: 10.165 {heap After GC invocations=2 (full 2):
 ZHeap           used 72M, capacity 152M, max capacity 2048M
  Cache          80M (4)
   size classes  2M (1), 16M (2), 32M (1)
}
Event: 10.165 {heap Before GC invocations=2 (full 2):
 ZHeap           used 72M, capacity 152M, max capacity 2048M
  Cache          80M (4)
   size classes  2M (1), 16M (2), 32M (1)
}
Event: 10.191 {heap After GC invocations=2 (full 2):
 ZHeap           used 74M, capacity 152M, max capacity 2048M
  Cache          78M (4)
   size classes  2M (1), 8M (1), 16M (1), 32M (1)
}
Event: 15.193 {heap Before GC invocations=2 (full 2):
 ZHeap           used 134M, capacity 152M, max capacity 2048M
  Cache          18M (1)
   size classes  16M (1)
}
Event: 15.313 {heap After GC invocations=3 (full 3):
 ZHeap           used 66M, capacity 184M, max capacity 2048M
  Cache          118M (4)
   size classes  8M (1), 16M (1), 32M (2)
}
Event: 15.313 {heap Before GC invocations=3 (full 3):
 ZHeap           used 66M, capacity 184M, max capacity 2048M
  Cache          118M (4)
   size classes  8M (1), 16M (1), 32M (2)
}
Event: 15.329 {heap After GC invocations=3 (full 3):
 ZHeap           used 66M, capacity 184M, max capacity 2048M
  Cache          118M (4)
   size classes  8M (1), 16M (1), 32M (2)
}
Event: 20.334 {heap Before GC invocations=3 (full 3):
 ZHeap           used 148M, capacity 184M, max capacity 2048M
  Cache          36M (1)
   size classes  32M (1)
}
Event: 20.483 {heap After GC invocations=4 (full 4):
 ZHeap           used 106M, capacity 216M, max capacity 2048M
  Cache          110M (4)
   size classes  8M (1), 16M (1), 32M (2)
}
Event: 20.483 {heap Before GC invocations=4 (full 4):
 ZHeap           used 106M, capacity 216M, max capacity 2048M
  Cache          110M (4)
   size classes  8M (1), 16M (1), 32M (2)
}
Event: 20.522 {heap After GC invocations=4 (full 4):
 ZHeap           used 106M, capacity 216M, max capacity 2048M
  Cache          110M (4)
   size classes  8M (1), 16M (1), 32M (2)
}
Event: 22.630 {heap Before GC invocations=4 (full 4):
 ZHeap           used 206M, capacity 216M, max capacity 2048M
  Cache          10M (1)
   size classes  8M (1)
}
Event: 22.815 {heap After GC invocations=5 (full 5):
 ZHeap           used 162M, capacity 286M, max capacity 2048M
  Cache          124M (6)
   size classes  2M (1), 4M (1), 16M (2), 32M (2)
}
Event: 22.815 {heap Before GC invocations=5 (full 5):
 ZHeap           used 162M, capacity 286M, max capacity 2048M
  Cache          124M (6)
   size classes  2M (1), 4M (1), 16M (2), 32M (2)
}
Event: 22.835 {heap After GC invocations=5 (full 5):
 ZHeap           used 166M, capacity 286M, max capacity 2048M
  Cache          120M (5)
   size classes  4M (1), 16M (2), 32M (2)
}
Event: 26.967 {heap Before GC invocations=5 (full 5):
 ZHeap           used 410M, capacity 410M, max capacity 2048M
  Cache          0M (0)
}
Event: 27.214 {heap After GC invocations=6 (full 6):
 ZHeap           used 156M, capacity 456M, max capacity 2048M
  Cache          300M (5)
   size classes  8M (1), 16M (2), 64M (1), 128M (1)
}
Event: 27.215 {heap Before GC invocations=6 (full 6):
 ZHeap           used 156M, capacity 456M, max capacity 2048M
  Cache          300M (5)
   size classes  8M (1), 16M (2), 64M (1), 128M (1)
}
Event: 27.278 {heap After GC invocations=6 (full 6):
 ZHeap           used 170M, capacity 456M, max capacity 2048M
  Cache          286M (5)
   size classes  8M (1), 16M (2), 64M (1), 128M (1)
}
Event: 31.731 {heap Before GC invocations=6 (full 6):
 ZHeap           used 618M, capacity 618M, max capacity 2048M
  Cache          0M (0)
}
Event: 32.268 {heap After GC invocations=7 (full 7):
 ZHeap           used 166M, capacity 644M, max capacity 2048M
  Cache          478M (17)
   size classes  2M (4), 4M (6), 8M (3), 16M (1), 64M (1), 128M (2)
}
Event: 32.268 {heap Before GC invocations=7 (full 7):
 ZHeap           used 166M, capacity 644M, max capacity 2048M
  Cache          478M (17)
   size classes  2M (4), 4M (6), 8M (3), 16M (1), 64M (1), 128M (2)
}
Event: 32.393 {heap After GC invocations=7 (full 7):
 ZHeap           used 176M, capacity 644M, max capacity 2048M
  Cache          468M (14)
   size classes  2M (2), 4M (5), 8M (3), 16M (1), 64M (1), 128M (2)
}

