# JRE version: Java(TM) SE Runtime Environment (26.0+35) (build 26+35-2893)
# Java VM: Java HotSpot(TM) 64-Bit Server VM (26+35-2893, mixed mode, sharing, tiered, compressed class ptrs, z gc, windows-amd64)
GC Precious Log:
 NUMA Support: Disabled
 CPUs: 4 total, 4 available
 Memory: 8098M
 Large Page Support: Disabled
 Address Space Size: unlimited
 Reserved Space: limit 4096G, desired 32G, requested 32G
 Reserved Space Type: Contiguous/Unrestricted/Complete
 Reserved Space Size: 32G
 Min Capacity: 100M
 Initial Capacity: 100M
 Max Capacity: 2048M
 Soft Max Capacity: 2048M
 Page Size Medium: Range [4M, 32M]
 Pre-touch: Disabled
 Uncommit: Enabled
 Uncommit Delay: 30s
 GC Workers for Old Generation: 1 (dynamic)
 GC Workers for Young Generation: 1 (dynamic)
 GC Workers Max: 1 (dynamic)
 Runtime Workers: 3
Heap:
 ZHeap           used 142M, capacity 206M, max capacity 2048M
  Cache          64M (6)
   size classes  2M (2), 4M (1), 8M (2), 32M (1)
GC Heap Usage History (24 events):
Event: 6.277 {heap Before GC invocations=0 (full 0):
 ZHeap           used 4M, capacity 100M, max capacity 2048M
  Cache          96M (1)
   size classes  64M (1)
}
Event: 6.498 {heap After GC invocations=1 (full 1):
 ZHeap           used 8M, capacity 100M, max capacity 2048M
  Cache          92M (1)
   size classes  64M (1)
}
Event: 6.498 {heap Before GC invocations=1 (full 1):
 ZHeap           used 8M, capacity 100M, max capacity 2048M
  Cache          92M (1)
   size classes  64M (1)
}
Event: 6.512 {heap After GC invocations=1 (full 1):
 ZHeap           used 8M, capacity 100M, max capacity 2048M
  Cache          92M (1)
   size classes  64M (1)
}
Event: 11.518 {heap Before GC invocations=1 (full 1):
 ZHeap           used 56M, capacity 100M, max capacity 2048M
  Cache          44M (1)
   size classes  32M (1)
}
Event: 11.563 {heap After GC invocations=2 (full 2):
 ZHeap           used 44M, capacity 100M, max capacity 2048M
  Cache          56M (4)
   size classes  2M (1), 4M (1), 8M (1), 32M (1)
}
Event: 11.563 {heap Before GC invocations=2 (full 2):
 ZHeap           used 44M, capacity 100M, max capacity 2048M
  Cache          56M (4)
   size classes  2M (1), 4M (1), 8M (1), 32M (1)
}
Event: 11.566 {heap After GC invocations=2 (full 2):
 ZHeap           used 44M, capacity 100M, max capacity 2048M
  Cache          56M (4)
   size classes  2M (1), 4M (1), 8M (1), 32M (1)
}
Event: 16.570 {heap Before GC invocations=2 (full 2):
 ZHeap           used 106M, capacity 106M, max capacity 2048M
  Cache          0M (0)
}
Event: 16.656 {heap After GC invocations=3 (full 3):
 ZHeap           used 88M, capacity 142M, max capacity 2048M
  Cache          54M (4)
   size classes  2M (1), 8M (2), 32M (1)
}
Event: 16.656 {heap Before GC invocations=3 (full 3):
 ZHeap           used 88M, capacity 142M, max capacity 2048M
  Cache          54M (4)
   size classes  2M (1), 8M (2), 32M (1)
}
Event: 16.667 {heap After GC invocations=3 (full 3):
 ZHeap           used 88M, capacity 142M, max capacity 2048M
  Cache          54M (4)
   size classes  2M (1), 8M (2), 32M (1)
}
Event: 21.671 {heap Before GC invocations=3 (full 3):
 ZHeap           used 132M, capacity 142M, max capacity 2048M
  Cache          10M (1)
   size classes  8M (1)
}
Event: 21.767 {heap After GC invocations=4 (full 4):
 ZHeap           used 92M, capacity 174M, max capacity 2048M
  Cache          82M (6)
   size classes  2M (1), 8M (2), 16M (3)
}
Event: 21.767 {heap Before GC invocations=4 (full 4):
 ZHeap           used 92M, capacity 174M, max capacity 2048M
  Cache          82M (6)
   size classes  2M (1), 8M (2), 16M (3)
}
Event: 21.809 {heap After GC invocations=4 (full 4):
 ZHeap           used 92M, capacity 174M, max capacity 2048M
  Cache          82M (6)
   size classes  2M (1), 8M (2), 16M (3)
}
Event: 26.819 {heap Before GC invocations=4 (full 4):
 ZHeap           used 142M, capacity 174M, max capacity 2048M
  Cache          32M (4)
   size classes  2M (1), 8M (3)
}
Event: 26.968 {heap After GC invocations=5 (full 5):
 ZHeap           used 92M, capacity 206M, max capacity 2048M
  Cache          114M (5)
   size classes  2M (1), 8M (1), 16M (2), 64M (1)
}
Event: 26.968 {heap Before GC invocations=5 (full 5):
 ZHeap           used 92M, capacity 206M, max capacity 2048M
  Cache          114M (5)
   size classes  2M (1), 8M (1), 16M (2), 64M (1)
}
Event: 26.987 {heap After GC invocations=5 (full 5):
 ZHeap           used 92M, capacity 206M, max capacity 2048M
  Cache          114M (5)
   size classes  2M (1), 8M (1), 16M (2), 64M (1)
}
Event: 31.990 {heap Before GC invocations=5 (full 5):
 ZHeap           used 110M, capacity 206M, max capacity 2048M
  Cache          96M (5)
   size classes  2M (2), 8M (1), 16M (1), 64M (1)
}
Event: 32.344 {heap After GC invocations=6 (full 6):
 ZHeap           used 102M, capacity 206M, max capacity 2048M
  Cache          104M (8)
   size classes  2M (2), 4M (3), 8M (2), 64M (1)
}
Event: 32.344 {heap Before GC invocations=6 (full 6):
 ZHeap           used 102M, capacity 206M, max capacity 2048M
  Cache          104M (8)
   size classes  2M (2), 4M (3), 8M (2), 64M (1)
}
Event: 32.357 {heap After GC invocations=6 (full 6):
 ZHeap           used 102M, capacity 206M, max capacity 2048M
  Cache          104M (8)
   size classes  2M (2), 4M (3), 8M (2), 64M (1)
}

